<?xml version="1.0" encoding="UTF-8"?>
<!-- Generated by org.testng.reporters.JUnitReportReporter -->
<testsuite hostname="DESKTOP-MVAG0EU" failures="0" tests="1" name="googleMap.AddPlace" time="10.396" errors="0" timestamp="2023-12-08T12:09:39 IST" skipped="0">
  <testcase classname="googleMap.AddPlace" name="testCase1" time="10.396"/>
</testsuite> <!-- googleMap.AddPlace -->
