<?xml version="1.0" encoding="UTF-8"?>
<!-- Generated by org.testng.reporters.JUnitReportReporter -->
<testsuite hostname="DESKTOP-MVAG0EU" failures="0" tests="1" name="pojoClasses.SpecBuilder" time="2.145" errors="0" timestamp="2023-12-08T14:55:31 IST" skipped="0">
  <testcase classname="pojoClasses.SpecBuilder" name="testCase1" time="2.145"/>
</testsuite> <!-- pojoClasses.SpecBuilder -->
