<?xml version="1.0" encoding="UTF-8"?>
<!-- Generated by org.testng.reporters.JUnitReportReporter -->
<testsuite hostname="DESKTOP-MVAG0EU" failures="0" tests="1" name="pojoClasses.AddplaceWithpojoclasses" time="3.679" errors="0" timestamp="2023-12-08T14:58:12 IST" skipped="0">
  <testcase classname="pojoClasses.AddplaceWithpojoclasses" name="testCase1" time="3.679"/>
</testsuite> <!-- pojoClasses.AddplaceWithpojoclasses -->
